TN:
SF:resources/js/Database/migrations.ts
FNF:0
FNH:0
DA:3,0
LF:1
LH:0
BRF:0
BRH:0
end_of_record
TN:
SF:resources/js/Database/schema.ts
FNF:0
FNH:0
DA:3,0
LF:1
LH:0
BRF:0
BRH:0
end_of_record
TN:
SF:resources/js/Database/models/CompanyInfo.ts
FN:13,(anonymous_0)
FN:14,(anonymous_1)
FN:21,(anonymous_2)
FNF:3
FNH:0
FNDA:0,(anonymous_0)
FNDA:0,(anonymous_1)
FNDA:0,(anonymous_2)
DA:5,0
DA:14,0
DA:15,0
DA:16,0
DA:22,0
DA:23,0
DA:25,0
LF:7
LH:0
BRF:0
BRH:0
end_of_record
TN:
SF:resources/js/Database/models/Customer.ts
FN:38,(anonymous_0)
FN:50,(anonymous_1)
FN:58,(anonymous_2)
FN:73,(anonymous_3)
FNF:4
FNH:0
FNDA:0,(anonymous_0)
FNDA:0,(anonymous_1)
FNDA:0,(anonymous_2)
FNDA:0,(anonymous_3)
DA:14,0
DA:16,0
DA:39,0
DA:47,0
DA:51,0
DA:52,0
DA:54,0
DA:73,0
DA:74,0
DA:75,0
DA:76,0
DA:77,0
DA:78,0
DA:79,0
DA:80,0
DA:81,0
DA:82,0
DA:83,0
DA:84,0
DA:85,0
DA:86,0
DA:87,0
LF:22
LH:0
BRDA:51,0,0,0
BRDA:51,0,1,0
BRDA:74,1,0,0
BRDA:74,1,1,0
BRDA:75,2,0,0
BRDA:75,2,1,0
BRDA:76,3,0,0
BRDA:76,3,1,0
BRDA:77,4,0,0
BRDA:77,4,1,0
BRDA:79,5,0,0
BRDA:79,5,1,0
BRDA:81,6,0,0
BRDA:81,6,1,0
BRDA:82,7,0,0
BRDA:82,7,1,0
BRDA:83,8,0,0
BRDA:83,8,1,0
BRDA:84,9,0,0
BRDA:84,9,1,0
BRDA:85,10,0,0
BRDA:85,10,1,0
BRDA:87,11,0,0
BRDA:87,11,1,0
BRF:24
BRH:0
end_of_record
TN:
SF:resources/js/Database/models/Estimate.ts
FN:52,(anonymous_0)
FN:56,(anonymous_1)
FN:60,(anonymous_2)
FN:64,(anonymous_3)
FN:68,(anonymous_4)
FN:73,(anonymous_5)
FN:78,(anonymous_6)
FN:79,(anonymous_7)
FN:84,(anonymous_8)
FN:90,(anonymous_9)
FN:102,(anonymous_10)
FN:103,(anonymous_11)
FN:108,(anonymous_12)
FN:109,(anonymous_13)
FNF:14
FNH:0
FNDA:0,(anonymous_0)
FNDA:0,(anonymous_1)
FNDA:0,(anonymous_2)
FNDA:0,(anonymous_3)
FNDA:0,(anonymous_4)
FNDA:0,(anonymous_5)
FNDA:0,(anonymous_6)
FNDA:0,(anonymous_7)
FNDA:0,(anonymous_8)
FNDA:0,(anonymous_9)
FNDA:0,(anonymous_10)
FNDA:0,(anonymous_11)
FNDA:0,(anonymous_12)
FNDA:0,(anonymous_13)
DA:18,0
DA:20,0
DA:53,0
DA:57,0
DA:61,0
DA:65,0
DA:69,0
DA:70,0
DA:74,0
DA:79,0
DA:80,0
DA:90,0
DA:91,0
DA:92,0
DA:93,0
DA:94,0
DA:95,0
DA:96,0
DA:97,0
DA:98,0
DA:103,0
DA:104,0
DA:109,0
DA:110,0
DA:111,0
LF:25
LH:0
BRDA:69,0,0,0
BRDA:69,0,1,0
BRDA:74,1,0,0
BRDA:74,1,1,0
BRDA:91,2,0,0
BRDA:91,2,1,0
BRDA:93,3,0,0
BRDA:93,3,1,0
BRDA:95,4,0,0
BRDA:95,4,1,0
BRDA:97,5,0,0
BRDA:97,5,1,0
BRF:12
BRH:0
end_of_record
TN:
SF:resources/js/Database/models/Extra.ts
FN:38,(anonymous_0)
FN:43,(anonymous_1)
FN:44,(anonymous_2)
FN:51,(anonymous_3)
FN:56,(anonymous_4)
FN:63,(anonymous_5)
FN:70,(anonymous_6)
FN:81,(anonymous_7)
FN:85,(anonymous_8)
FNF:9
FNH:0
FNDA:0,(anonymous_0)
FNDA:0,(anonymous_1)
FNDA:0,(anonymous_2)
FNDA:0,(anonymous_3)
FNDA:0,(anonymous_4)
FNDA:0,(anonymous_5)
FNDA:0,(anonymous_6)
FNDA:0,(anonymous_7)
FNDA:0,(anonymous_8)
DA:13,0
DA:15,0
DA:39,0
DA:44,0
DA:45,0
DA:46,0
DA:47,0
DA:56,0
DA:57,0
DA:58,0
DA:59,0
DA:70,0
DA:71,0
DA:72,0
DA:73,0
DA:74,0
DA:75,0
DA:76,0
DA:82,0
DA:86,0
LF:20
LH:0
BRDA:39,0,0,0
BRDA:39,0,1,0
BRDA:57,1,0,0
BRDA:57,1,1,0
BRDA:58,2,0,0
BRDA:58,2,1,0
BRDA:59,3,0,0
BRDA:59,3,1,0
BRDA:71,4,0,0
BRDA:71,4,1,0
BRDA:72,5,0,0
BRDA:72,5,1,0
BRDA:73,6,0,0
BRDA:73,6,1,0
BRDA:74,7,0,0
BRDA:74,7,1,0
BRDA:75,8,0,0
BRDA:75,8,1,0
BRF:18
BRH:0
end_of_record
TN:
SF:resources/js/Database/models/Finish.ts
FN:17,(anonymous_0)
FN:24,(anonymous_1)
FNF:2
FNH:0
FNDA:0,(anonymous_0)
FNDA:0,(anonymous_1)
DA:5,0
DA:24,0
DA:25,0
DA:26,0
DA:27,0
DA:28,0
DA:29,0
DA:30,0
LF:8
LH:0
BRDA:25,0,0,0
BRDA:25,0,1,0
BRDA:26,1,0,0
BRDA:26,1,1,0
BRDA:27,2,0,0
BRDA:27,2,1,0
BRDA:28,3,0,0
BRDA:28,3,1,0
BRDA:29,4,0,0
BRDA:29,4,1,0
BRF:10
BRH:0
end_of_record
TN:
SF:resources/js/Database/models/Photo.ts
FN:38,(anonymous_0)
FN:42,(anonymous_1)
FN:46,(anonymous_2)
FN:50,(anonymous_3)
FN:54,(anonymous_4)
FN:60,(anonymous_5)
FN:61,(anonymous_6)
FN:66,(anonymous_7)
FN:67,(anonymous_8)
FN:72,(anonymous_9)
FN:73,(anonymous_10)
FNF:11
FNH:0
FNDA:0,(anonymous_0)
FNDA:0,(anonymous_1)
FNDA:0,(anonymous_2)
FNDA:0,(anonymous_3)
FNDA:0,(anonymous_4)
FNDA:0,(anonymous_5)
FNDA:0,(anonymous_6)
FNDA:0,(anonymous_7)
FNDA:0,(anonymous_8)
FNDA:0,(anonymous_9)
FNDA:0,(anonymous_10)
DA:14,0
DA:16,0
DA:39,0
DA:43,0
DA:47,0
DA:51,0
DA:55,0
DA:56,0
DA:61,0
DA:62,0
DA:67,0
DA:68,0
DA:73,0
DA:74,0
LF:14
LH:0
BRDA:47,0,0,0
BRDA:47,0,1,0
BRDA:51,1,0,0
BRDA:51,1,1,0
BRF:4
BRH:0
end_of_record
TN:
SF:resources/js/Database/models/Window.ts
FN:47,(anonymous_0)
FN:51,(anonymous_1)
FN:55,(anonymous_2)
FN:59,(anonymous_3)
FN:63,(anonymous_4)
FN:68,(anonymous_5)
FN:69,(anonymous_6)
FN:75,(anonymous_7)
FN:79,(anonymous_8)
FN:85,(anonymous_9)
FN:91,(anonymous_10)
FN:101,(anonymous_11)
FN:102,(anonymous_12)
FNF:13
FNH:0
FNDA:0,(anonymous_0)
FNDA:0,(anonymous_1)
FNDA:0,(anonymous_2)
FNDA:0,(anonymous_3)
FNDA:0,(anonymous_4)
FNDA:0,(anonymous_5)
FNDA:0,(anonymous_6)
FNDA:0,(anonymous_7)
FNDA:0,(anonymous_8)
FNDA:0,(anonymous_9)
FNDA:0,(anonymous_10)
FNDA:0,(anonymous_11)
FNDA:0,(anonymous_12)
DA:17,0
DA:19,0
DA:48,0
DA:52,0
DA:56,0
DA:60,0
DA:64,0
DA:69,0
DA:70,0
DA:71,0
DA:79,0
DA:80,0
DA:81,0
DA:91,0
DA:92,0
DA:93,0
DA:94,0
DA:95,0
DA:96,0
DA:97,0
DA:102,0
DA:103,0
LF:22
LH:0
BRDA:92,0,0,0
BRDA:92,0,1,0
BRDA:94,1,0,0
BRDA:94,1,1,0
BRDA:95,2,0,0
BRDA:95,2,1,0
BRDA:96,3,0,0
BRDA:96,3,1,0
BRF:8
BRH:0
end_of_record
TN:
SF:resources/js/Database/models/WindowType.ts
FN:17,(anonymous_0)
FN:24,(anonymous_1)
FNF:2
FNH:0
FNDA:0,(anonymous_0)
FNDA:0,(anonymous_1)
DA:5,0
DA:24,0
DA:25,0
DA:26,0
DA:27,0
DA:28,0
DA:29,0
DA:30,0
LF:8
LH:0
BRDA:25,0,0,0
BRDA:25,0,1,0
BRDA:26,1,0,0
BRDA:26,1,1,0
BRDA:27,2,0,0
BRDA:27,2,1,0
BRDA:28,3,0,0
BRDA:28,3,1,0
BRDA:29,4,0,0
BRDA:29,4,1,0
BRF:10
BRH:0
end_of_record
TN:
SF:resources/js/Database/models/index.ts
FNF:0
FNH:0
LF:0
LH:0
BRF:0
BRH:0
end_of_record
TN:
SF:resources/js/Services/WatermelonDBService.ts
FN:110,(anonymous_0)
FN:123,(anonymous_1)
FN:136,(anonymous_2)
FN:137,(anonymous_3)
FN:138,(anonymous_4)
FN:154,(anonymous_5)
FN:162,(anonymous_6)
FN:166,(anonymous_7)
FN:182,(anonymous_8)
FN:186,(anonymous_9)
FN:187,(anonymous_10)
FN:197,(anonymous_11)
FN:205,(anonymous_12)
FN:212,(anonymous_13)
FN:219,(anonymous_14)
FN:229,(anonymous_15)
FN:233,(anonymous_16)
FN:234,(anonymous_17)
FN:251,(anonymous_18)
FN:258,(anonymous_19)
FN:262,(anonymous_20)
FN:264,(anonymous_21)
FN:283,(anonymous_22)
FN:284,(anonymous_23)
FN:293,(anonymous_24)
FN:304,(anonymous_25)
FN:305,(anonymous_26)
FN:318,(anonymous_27)
FN:325,(anonymous_28)
FN:335,(anonymous_29)
FN:344,(anonymous_30)
FN:345,(anonymous_31)
FN:353,(anonymous_32)
FN:365,(anonymous_33)
FN:390,(anonymous_34)
FN:409,(anonymous_35)
FN:412,(anonymous_36)
FN:437,(anonymous_37)
FN:457,(anonymous_38)
FN:462,(anonymous_39)
FN:463,(anonymous_40)
FN:495,(anonymous_41)
FN:514,(anonymous_42)
FN:515,(anonymous_43)
FN:542,(anonymous_44)
FN:563,(anonymous_45)
FN:564,(anonymous_46)
FN:577,(anonymous_47)
FN:592,(anonymous_48)
FN:602,(anonymous_49)
FN:604,(anonymous_50)
FN:613,(anonymous_51)
FN:620,(anonymous_52)
FN:642,(anonymous_53)
FN:649,(anonymous_54)
FN:651,(anonymous_55)
FN:660,(anonymous_56)
FNF:57
FNH:18
FNDA:1,(anonymous_0)
FNDA:0,(anonymous_1)
FNDA:1,(anonymous_2)
FNDA:1,(anonymous_3)
FNDA:1,(anonymous_4)
FNDA:1,(anonymous_5)
FNDA:1,(anonymous_6)
FNDA:0,(anonymous_7)
FNDA:1,(anonymous_8)
FNDA:1,(anonymous_9)
FNDA:1,(anonymous_10)
FNDA:1,(anonymous_11)
FNDA:1,(anonymous_12)
FNDA:1,(anonymous_13)
FNDA:1,(anonymous_14)
FNDA:1,(anonymous_15)
FNDA:1,(anonymous_16)
FNDA:1,(anonymous_17)
FNDA:1,(anonymous_18)
FNDA:0,(anonymous_19)
FNDA:0,(anonymous_20)
FNDA:0,(anonymous_21)
FNDA:0,(anonymous_22)
FNDA:0,(anonymous_23)
FNDA:0,(anonymous_24)
FNDA:0,(anonymous_25)
FNDA:0,(anonymous_26)
FNDA:0,(anonymous_27)
FNDA:0,(anonymous_28)
FNDA:0,(anonymous_29)
FNDA:0,(anonymous_30)
FNDA:0,(anonymous_31)
FNDA:0,(anonymous_32)
FNDA:0,(anonymous_33)
FNDA:1,(anonymous_34)
FNDA:0,(anonymous_35)
FNDA:0,(anonymous_36)
FNDA:0,(anonymous_37)
FNDA:0,(anonymous_38)
FNDA:0,(anonymous_39)
FNDA:0,(anonymous_40)
FNDA:0,(anonymous_41)
FNDA:0,(anonymous_42)
FNDA:0,(anonymous_43)
FNDA:0,(anonymous_44)
FNDA:0,(anonymous_45)
FNDA:0,(anonymous_46)
FNDA:0,(anonymous_47)
FNDA:0,(anonymous_48)
FNDA:0,(anonymous_49)
FNDA:0,(anonymous_50)
FNDA:0,(anonymous_51)
FNDA:0,(anonymous_52)
FNDA:0,(anonymous_53)
FNDA:0,(anonymous_54)
FNDA:0,(anonymous_55)
FNDA:0,(anonymous_56)
DA:106,12
DA:107,1
DA:111,1
DA:112,1
DA:113,1
DA:115,0
DA:117,1
DA:124,0
DA:126,0
DA:128,0
DA:129,0
DA:137,1
DA:138,1
DA:139,1
DA:140,1
DA:141,1
DA:142,1
DA:143,1
DA:144,1
DA:145,1
DA:146,1
DA:147,1
DA:148,1
DA:149,1
DA:155,1
DA:156,1
DA:158,0
DA:163,1
DA:167,0
DA:186,1
DA:187,1
DA:188,1
DA:189,1
DA:191,1
DA:192,1
DA:198,1
DA:199,1
DA:201,0
DA:206,1
DA:213,1
DA:220,1
DA:233,1
DA:234,1
DA:235,1
DA:236,1
DA:237,1
DA:238,1
DA:239,1
DA:240,1
DA:241,1
DA:242,1
DA:243,1
DA:244,1
DA:246,1
DA:252,1
DA:262,0
DA:263,0
DA:264,0
DA:265,0
DA:266,0
DA:267,0
DA:268,0
DA:269,0
DA:270,0
DA:271,0
DA:272,0
DA:273,0
DA:274,0
DA:275,0
DA:277,0
DA:284,0
DA:285,0
DA:286,0
DA:304,0
DA:305,0
DA:306,0
DA:307,0
DA:308,0
DA:309,0
DA:310,0
DA:311,0
DA:312,0
DA:313,0
DA:319,0
DA:326,0
DA:336,0
DA:337,0
DA:338,0
DA:345,0
DA:346,0
DA:354,0
DA:355,0
DA:357,0
DA:358,0
DA:370,0
DA:371,0
DA:372,0
DA:373,0
DA:376,0
DA:377,0
DA:379,0
DA:385,0
DA:386,0
DA:396,1
DA:403,1
DA:410,0
DA:412,0
DA:413,0
DA:414,0
DA:416,0
DA:420,0
DA:425,0
DA:427,0
DA:434,0
DA:437,0
DA:438,0
DA:439,0
DA:440,0
DA:441,0
DA:442,0
DA:443,0
DA:444,0
DA:446,0
DA:449,0
DA:454,0
DA:457,0
DA:459,0
DA:463,0
DA:465,0
DA:467,0
DA:468,0
DA:469,0
DA:470,0
DA:472,0
DA:476,0
DA:484,0
DA:486,0
DA:495,0
DA:496,0
DA:497,0
DA:498,0
DA:499,0
DA:500,0
DA:501,0
DA:502,0
DA:506,0
DA:515,0
DA:516,0
DA:517,0
DA:519,0
DA:523,0
DA:531,0
DA:533,0
DA:542,0
DA:543,0
DA:544,0
DA:545,0
DA:546,0
DA:547,0
DA:548,0
DA:549,0
DA:550,0
DA:551,0
DA:552,0
DA:553,0
DA:557,0
DA:564,0
DA:565,0
DA:567,0
DA:572,0
DA:574,0
DA:577,0
DA:578,0
DA:579,0
DA:580,0
DA:584,0
DA:596,0
DA:602,0
DA:604,0
DA:615,0
DA:620,0
DA:622,0
DA:628,0
DA:629,0
DA:630,0
DA:639,0
DA:644,0
DA:649,0
DA:651,0
DA:661,0
DA:666,0
DA:667,0
DA:670,0
DA:675,1
LF:194
LH:50
BRDA:111,0,0,1
BRDA:111,0,1,0
BRDA:140,1,0,1
BRDA:140,1,1,0
BRDA:141,2,0,1
BRDA:141,2,1,0
BRDA:142,3,0,1
BRDA:142,3,1,0
BRDA:143,4,0,1
BRDA:143,4,1,1
BRDA:144,5,0,1
BRDA:144,5,1,0
BRDA:145,6,0,1
BRDA:145,6,1,1
BRDA:146,7,0,1
BRDA:146,7,1,0
BRDA:147,8,0,1
BRDA:147,8,1,0
BRDA:148,9,0,1
BRDA:148,9,1,1
BRDA:149,10,0,1
BRDA:149,10,1,1
BRDA:190,11,0,1
BRDA:190,11,1,0
BRDA:240,12,0,1
BRDA:240,12,1,0
BRDA:241,13,0,1
BRDA:241,13,1,1
BRDA:242,14,0,1
BRDA:242,14,1,1
BRDA:243,15,0,1
BRDA:243,15,1,1
BRDA:244,16,0,1
BRDA:244,16,1,1
BRDA:246,17,0,0
BRDA:246,17,1,1
BRDA:265,18,0,0
BRDA:265,18,1,0
BRDA:266,19,0,0
BRDA:266,19,1,0
BRDA:267,20,0,0
BRDA:267,20,1,0
BRDA:268,21,0,0
BRDA:268,21,1,0
BRDA:269,22,0,0
BRDA:269,22,1,0
BRDA:270,23,0,0
BRDA:270,23,1,0
BRDA:271,24,0,0
BRDA:271,24,1,0
BRDA:272,25,0,0
BRDA:272,25,1,0
BRDA:274,26,0,0
BRDA:274,26,1,0
BRDA:275,27,0,0
BRDA:275,27,1,0
BRDA:277,28,0,0
BRDA:277,28,1,0
BRDA:307,29,0,0
BRDA:307,29,1,0
BRDA:310,30,0,0
BRDA:310,30,1,0
BRDA:311,31,0,0
BRDA:311,31,1,0
BRDA:312,32,0,0
BRDA:312,32,1,0
BRDA:372,33,0,0
BRDA:372,33,1,0
BRDA:416,34,0,0
BRDA:416,34,1,0
BRDA:425,35,0,0
BRDA:425,35,1,0
BRDA:430,36,0,0
BRDA:430,36,1,0
BRDA:441,37,0,0
BRDA:441,37,1,0
BRDA:442,38,0,0
BRDA:442,38,1,0
BRDA:468,39,0,0
BRDA:468,39,1,0
BRDA:468,40,0,0
BRDA:468,40,1,0
BRDA:472,41,0,0
BRDA:472,41,1,0
BRDA:484,42,0,0
BRDA:484,42,1,0
BRDA:489,43,0,0
BRDA:489,43,1,0
BRDA:499,44,0,0
BRDA:499,44,1,0
BRDA:500,45,0,0
BRDA:500,45,1,0
BRDA:519,46,0,0
BRDA:519,46,1,0
BRDA:531,47,0,0
BRDA:531,47,1,0
BRDA:535,48,0,0
BRDA:535,48,1,0
BRDA:546,49,0,0
BRDA:546,49,1,0
BRDA:548,50,0,0
BRDA:548,50,1,0
BRDA:550,51,0,0
BRDA:550,51,1,0
BRDA:572,52,0,0
BRDA:572,52,1,0
BRDA:629,53,0,0
BRDA:629,53,1,0
BRDA:649,54,0,0
BRDA:649,54,1,0
BRDA:666,55,0,0
BRDA:666,55,1,0
BRF:112
BRH:26
end_of_record
